<?xml version="1.0" encoding="UTF-8"?>
<testng-results ignored="0" total="1" passed="1" failed="0" skipped="0">
  <reporter-output>
  </reporter-output>
  <suite started-at="2024-10-11T11:24:09 IST" name="Default suite" finished-at="2024-10-11T11:24:27 IST" duration-ms="18167">
    <groups>
      <group name="Smoke">
        <method signature="E2ECheckoutTest.verifyNewUserRegistersAndCheckoutProduct()[pri:0, instance:com.demoshop.tests.E2ECheckoutTest@6aeb35e6]" name="verifyNewUserRegistersAndCheckoutProduct" class="com.demoshop.tests.E2ECheckoutTest"/>
      </group> <!-- Smoke -->
    </groups>
    <test started-at="2024-10-11T11:24:09 IST" name="Default test" finished-at="2024-10-11T11:24:27 IST" duration-ms="18167">
      <class name="com.demoshop.tests.E2ECheckoutTest">
        <test-method is-config="true" signature="initDriver(java.lang.String)[pri:0, instance:com.demoshop.tests.E2ECheckoutTest@6aeb35e6]" started-at="2024-10-11T11:24:09 IST" name="initDriver" finished-at="2024-10-11T11:24:14 IST" duration-ms="4583" status="PASS">
          <params>
            <param index="0">
              <value is-null="true"/>
            </param>
          </params>
          <reporter-output>
          </reporter-output>
        </test-method> <!-- initDriver -->
        <test-method signature="verifyNewUserRegistersAndCheckoutProduct()[pri:0, instance:com.demoshop.tests.E2ECheckoutTest@6aeb35e6]" started-at="2024-10-11T11:24:14 IST" name="verifyNewUserRegistersAndCheckoutProduct" finished-at="2024-10-11T11:24:27 IST" duration-ms="13526" status="PASS">
          <reporter-output>
          </reporter-output>
        </test-method> <!-- verifyNewUserRegistersAndCheckoutProduct -->
      </class> <!-- com.demoshop.tests.E2ECheckoutTest -->
    </test> <!-- Default test -->
  </suite> <!-- Default suite -->
</testng-results>
